<?xml version="1.0" encoding="UTF-8"?>
<!-- Generated by org.testng.reporters.JUnitReportReporter -->
<testsuite hostname="DESKTOP-MP8KBST" failures="0" tests="1" name="practice1.login" time="14.742" errors="0" timestamp="2022-07-02T21:52:01 IST" skipped="0">
  <testcase classname="practice1.login" name="pagelogin" time="14.742"/>
  <system-out/>
</testsuite> <!-- practice1.login -->
