<?xml version="1.0" encoding="UTF-8"?>
<!-- Generated by org.testng.reporters.JUnitReportReporter -->
<testsuite hostname="DESKTOP-MP8KBST" failures="0" tests="1" name="practice1.login" time="64.383" errors="0" timestamp="2022-07-06T01:24:40 IST" skipped="0">
  <testcase classname="practice1.login" name="pagelogin" time="64.383"/>
  <system-out/>
</testsuite> <!-- practice1.login -->
